<?xml version="1.0" encoding="UTF-8"?>
<!-- Generated by org.testng.reporters.JUnitReportReporter -->
<testsuite hostname="anshumann-Aspire-A715-42G" failures="0" tests="1" name="NewTest" time="0.321" errors="0" timestamp="2022-09-29T12:12:19 IST" skipped="0">
  <testcase classname="NewTest" name="beforeTest" time="0.321"/>
  <system-out/>
</testsuite> <!-- NewTest -->
