<?xml version="1.0" encoding="UTF-8"?>
<!-- Generated by org.testng.reporters.JUnitReportReporter -->
<testsuite hostname="anshumann-Aspire-A715-42G" failures="0" tests="6" name="one1.NewTest" time="50.766" errors="0" timestamp="2022-12-07T18:13:55 IST" skipped="0">
  <testcase classname="one1.NewTest" name="Login" time="0.222"/>
  <system-out/>
  <testcase classname="one1.NewTest" name="Calciopen" time="12.254"/>
  <system-out/>
  <testcase classname="one1.NewTest" name="oneColumn" time="7.872"/>
  <system-out/>
  <testcase classname="one1.NewTest" name="Formulabuild" time="9.585"/>
  <system-out/>
  <testcase classname="one1.NewTest" name="Formulacreate" time="5.711"/>
  <system-out/>
  <testcase classname="one1.NewTest" name="Previewopen" time="15.122"/>
  <system-out/>
</testsuite> <!-- one1.NewTest -->
