<?xml version="1.0" encoding="UTF-8"?>
<!-- Generated by org.testng.reporters.JUnitReportReporter -->
<testsuite hostname="anshumann-Aspire-A715-42G" failures="0" tests="6" name="one1.NewTest2" time="48.847" errors="0" timestamp="2022-12-08T11:20:29 IST" skipped="0">
  <testcase classname="one1.NewTest2" name="Login" time="0.224"/>
  <system-out/>
  <testcase classname="one1.NewTest2" name="Calciopen" time="11.762"/>
  <system-out/>
  <testcase classname="one1.NewTest2" name="oneColumn" time="7.690"/>
  <system-out/>
  <testcase classname="one1.NewTest2" name="Formulabuild" time="8.131"/>
  <system-out/>
  <testcase classname="one1.NewTest2" name="Formulacreate" time="5.829"/>
  <system-out/>
  <testcase classname="one1.NewTest2" name="Previewopen" time="15.211"/>
  <system-out/>
</testsuite> <!-- one1.NewTest2 -->
