<?xml version="1.0" encoding="UTF-8"?>
<!-- Generated by org.testng.reporters.JUnitReportReporter -->
<testsuite hostname="anshumann-Aspire-A715-42G" failures="0" tests="1" name="NewTest2" time="0.283" errors="0" timestamp="2022-09-29T13:05:32 IST" skipped="0">
  <testcase classname="NewTest2" name="beforeTest" time="0.283"/>
  <system-out/>
</testsuite> <!-- NewTest2 -->
