<?xml version="1.0" encoding="UTF-8"?>
<!-- Generated by org.testng.reporters.JUnitReportReporter -->
<testsuite hostname="anshumann-Aspire-A715-42G" failures="0" tests="5" name="one1.NewTest" time="29.289" errors="0" timestamp="2022-10-12T10:16:44 IST" skipped="0">
  <testcase classname="one1.NewTest" name="Login" time="0.229"/>
  <system-out/>
  <testcase classname="one1.NewTest" name="Calciopen" time="11.617"/>
  <system-out/>
  <testcase classname="one1.NewTest" name="oneColumn" time="8.342"/>
  <system-out/>
  <testcase classname="one1.NewTest" name="Formulabuild" time="8.502"/>
  <system-out/>
  <testcase classname="one1.NewTest" name="Formulacreate" time="0.599"/>
  <system-out/>
</testsuite> <!-- one1.NewTest -->
